# JRE version: Java(TM) SE Runtime Environment (11.0.5+10) (build 11.0.5+10-LTS)
# Java VM: Java HotSpot(TM) 64-Bit Server VM (11.0.5+10-LTS, mixed mode, tiered, compressed oops, g1 gc, windows-amd64)
Heap:
 garbage-first heap   total 129024K, used 41674K [0x0000000083a00000, 0x0000000100000000)
  region size 1024K, 26 young (26624K), 8 survivors (8192K)
 Metaspace       used 50289K, capacity 51973K, committed 52176K, reserved 1093632K
  class space    used 6543K, capacity 7207K, committed 7244K, reserved 1048576K
GC Heap History (10 events):
Event: 14.449 GC heap before
{Heap before GC invocations=8 (full 0):
 garbage-first heap   total 129024K, used 84525K [0x0000000083a00000, 0x0000000100000000)
  region size 1024K, 75 young (76800K), 7 survivors (7168K)
 Metaspace       used 34602K, capacity 35996K, committed 36048K, reserved 1081344K
  class space    used 4332K, capacity 4914K, committed 4940K, reserved 1048576K
}
Event: 14.465 GC heap after
{Heap after GC invocations=9 (full 0):
 garbage-first heap   total 129024K, used 17766K [0x0000000083a00000, 0x0000000100000000)
  region size 1024K, 7 young (7168K), 7 survivors (7168K)
 Metaspace       used 34602K, capacity 35996K, committed 36048K, reserved 1081344K
  class space    used 4332K, capacity 4914K, committed 4940K, reserved 1048576K
}
Event: 14.479 GC heap before
{Heap before GC invocations=9 (full 0):
 garbage-first heap   total 129024K, used 17766K [0x0000000083a00000, 0x0000000100000000)
  region size 1024K, 8 young (8192K), 7 survivors (7168K)
 Metaspace       used 34647K, capacity 35996K, committed 36048K, reserved 1081344K
  class space    used 4340K, capacity 4914K, committed 4940K, reserved 1048576K
}
Event: 14.506 GC heap after
{Heap after GC invocations=10 (full 0):
 garbage-first heap   total 129024K, used 18123K [0x0000000083a00000, 0x0000000100000000)
  region size 1024K, 5 young (5120K), 5 survivors (5120K)
 Metaspace       used 34647K, capacity 35996K, committed 36048K, reserved 1081344K
  class space    used 4340K, capacity 4914K, committed 4940K, reserved 1048576K
}
Event: 15.312 GC heap before
{Heap before GC invocations=11 (full 0):
 garbage-first heap   total 129024K, used 68299K [0x0000000083a00000, 0x0000000100000000)
  region size 1024K, 55 young (56320K), 5 survivors (5120K)
 Metaspace       used 34938K, capacity 36304K, committed 36688K, reserved 1081344K
  class space    used 4389K, capacity 4953K, committed 5068K, reserved 1048576K
}
Event: 15.322 GC heap after
{Heap after GC invocations=12 (full 0):
 garbage-first heap   total 129024K, used 18243K [0x0000000083a00000, 0x0000000100000000)
  region size 1024K, 3 young (3072K), 3 survivors (3072K)
 Metaspace       used 34938K, capacity 36304K, committed 36688K, reserved 1081344K
  class space    used 4389K, capacity 4953K, committed 5068K, reserved 1048576K
}
Event: 19.041 GC heap before
{Heap before GC invocations=12 (full 0):
 garbage-first heap   total 129024K, used 74563K [0x0000000083a00000, 0x0000000100000000)
  region size 1024K, 58 young (59392K), 3 survivors (3072K)
 Metaspace       used 40626K, capacity 42148K, committed 42320K, reserved 1085440K
  class space    used 5222K, capacity 5807K, committed 5836K, reserved 1048576K
}
Event: 19.051 GC heap after
{Heap after GC invocations=13 (full 0):
 garbage-first heap   total 129024K, used 20447K [0x0000000083a00000, 0x0000000100000000)
  region size 1024K, 5 young (5120K), 5 survivors (5120K)
 Metaspace       used 40626K, capacity 42148K, committed 42320K, reserved 1085440K
  class space    used 5222K, capacity 5807K, committed 5836K, reserved 1048576K
}
Event: 21.008 GC heap before
{Heap before GC invocations=13 (full 0):
 garbage-first heap   total 129024K, used 78815K [0x0000000083a00000, 0x0000000100000000)
  region size 1024K, 63 young (64512K), 5 survivors (5120K)
 Metaspace       used 48158K, capacity 49773K, committed 49872K, reserved 1091584K
  class space    used 6262K, capacity 6896K, committed 6988K, reserved 1048576K
}
Event: 21.022 GC heap after
{Heap after GC invocations=14 (full 0):
 garbage-first heap   total 129024K, used 25290K [0x0000000083a00000, 0x0000000100000000)
  region size 1024K, 8 young (8192K), 8 survivors (8192K)
 Metaspace       used 48158K, capacity 49773K, committed 49872K, reserved 1091584K
  class space    used 6262K, capacity 6896K, committed 6988K, reserved 1048576K
}

